INFO: kbplacer_plugin_action.py:73: Plugin version: 0.18
INFO: kbplacer_plugin_action.py:74: Python version: '3.10.12 (main, Mar  3 2026, 11:56:32) [GCC 11.4.0]'
INFO: kbplacer_plugin_action.py:75: KiCad version: 10.0.4 with 4.2.0 gtk3 (phoenix) wxWidgets 3.2.1
INFO: kbplacer_dialog.py:799: Language: ja
INFO: kbplacer_plugin_action.py:83: GUI state: {"layout_path": "/home/hidayat/devel/kicad/keyboard/my_split_keyboard/layout_r.json", "key_distance": [19.05, 19.05], "key_info": {"annotation_format": "SW{}", "position_option": "Default", "position": {"x": 0.0, "y": 0.0, "orientation": 0.0, "side": "Front"}, "template_path": "", "start_index": 1}, "enable_diode_placement": true, "route_switches_with_diodes": false, "optimize_diodes_orientation": false, "diode_info": {"annotation_format": "D{}", "position_option": "Default", "position": {"x": 5.08, "y": 4.0, "orientation": 90.0, "side": "Back"}, "template_path": "", "start_index": -1}, "additional_elements": [{"annotation_format": "ST{}", "position_option": "Custom", "position": {"x": 0.0, "y": 0.0, "orientation": 0.0, "side": "Front"}, "template_path": "", "start_index": -1}], "route_rows_and_columns": true, "template_path": "", "generate_outline": false, "outline_delta": 3.0, "layout_offset": null}
DEBUG: key_placer.py:144: Switches by nets: defaultdict(<class 'list'>, {frozenset({'COL4', 'ROW3'}): ['SW20'], frozenset({'ROW3', 'COL3'}): ['SW19'], frozenset({'ROW3', 'COL2'}): ['SW18'], frozenset({'COL1', 'ROW3'}): ['SW17'], frozenset({'ROW3', 'COL0'}): ['SW16'], frozenset({'COL4', 'ROW2'}): ['SW15'], frozenset({'COL3', 'ROW2'}): ['SW14'], frozenset({'COL2', 'ROW2'}): ['SW13'], frozenset({'COL1', 'ROW2'}): ['SW12'], frozenset({'COL0', 'ROW2'}): ['SW11'], frozenset({'COL4', 'ROW1'}): ['SW10'], frozenset({'ROW1', 'COL3'}): ['SW9'], frozenset({'ROW1', 'COL2'}): ['SW8'], frozenset({'ROW1', 'COL1'}): ['SW7'], frozenset({'ROW1', 'COL0'}): ['SW6'], frozenset({'COL4', 'ROW0'}): ['SW5'], frozenset({'ROW0', 'COL3'}): ['SW4'], frozenset({'ROW0', 'COL2'}): ['SW3'], frozenset({'ROW0', 'COL1'}): ['SW2'], frozenset({'ROW0', 'COL0'}): ['SW1']})
DEBUG: key_placer.py:148: Diodes by switch: {'SW20': ['D20'], 'SW19': ['D19'], 'SW18': ['D18'], 'SW17': ['D17'], 'SW16': ['D16'], 'SW15': ['D15'], 'SW14': ['D14'], 'SW13': ['D13'], 'SW12': ['D12'], 'SW11': ['D11'], 'SW10': ['D10'], 'SW9': ['D9'], 'SW8': ['D8'], 'SW7': ['D7'], 'SW6': ['D6'], 'SW5': ['D5'], 'SW4': ['D4'], 'SW3': ['D3'], 'SW2': ['D2'], 'SW1': ['D1']}
INFO: kle_serial.py:1038: User layout: {'keyboard_name': 'split_half_r', 'manufacturer': 'custom', 'maintainer': 'hidayat', 'processor': 'RP2040', 'bootloader': 'rp2040', 'diode_direction': 'COL2ROW', 'matrix_pins': {'rows': ['ROW0', 'ROW1', 'ROW2', 'ROW3'], 'cols': ['COL0', 'COL1', 'COL2', 'COL3', 'COL4']}, 'layouts': {'LAYOUT': {'layout': [{'matrix': [0, 0], 'x': 6.0, 'y': 0.5}, {'matrix': [0, 1], 'x': 5.0, 'y': 0.25}, {'matrix': [0, 2], 'x': 4.0, 'y': 0}, {'matrix': [0, 3], 'x': 3.0, 'y': 0.25}, {'matrix': [0, 4], 'x': 2.0, 'y': 0.5}, {'matrix': [1, 0], 'x': 6.0, 'y': 1.5}, {'matrix': [1, 1], 'x': 5.0, 'y': 1.25}, {'matrix': [1, 2], 'x': 4.0, 'y': 1}, {'matrix': [1, 3], 'x': 3.0, 'y': 1.25}, {'matrix': [1, 4], 'x': 2.0, 'y': 1.5}, {'matrix': [2, 0], 'x': 6.0, 'y': 2.5}, {'matrix': [2, 1], 'x': 5.0, 'y': 2.25}, {'matrix': [2, 2], 'x': 4.0, 'y': 2}, {'matrix': [2, 3], 'x': 3.0, 'y': 2.25}, {'matrix': [2, 4], 'x': 2.0, 'y': 2.5}, {'matrix': [3, 0], 'x': 7.0, 'y': 1.5}, {'matrix': [3, 1], 'x': 7.0, 'y': 2.5}, {'matrix': [3, 2], 'x': 2.5, 'y': 4.25}, {'matrix': [3, 3], 'x': 1.5, 'y': 4.5, 'r': -10, 'rx': 2.5, 'ry': 5.5}, {'matrix': [3, 4], 'x': 0.5, 'y': 4.75, 'r': -20, 'rx': 1.5, 'ry': 5.75}]}}}
DEBUG: key_placer.py:757: Using key 1U distance: (19.05, 19.05) mm
DEBUG: key_placer.py:341: Got ['SW1'] for ('0', '0') position
DEBUG: key_placer.py:775: Layout offset: (28575000, 38100000)
DEBUG: key_placer.py:341: Got ['SW1'] for ('0', '0') position
DEBUG: board_modifier.py:119: Setting SW1 footprint position: (152400000, 57150000)
DEBUG: key_placer.py:341: Got ['SW2'] for ('0', '1') position
DEBUG: board_modifier.py:119: Setting SW2 footprint position: (133350000, 52387500)
DEBUG: key_placer.py:341: Got ['SW3'] for ('0', '2') position
DEBUG: board_modifier.py:119: Setting SW3 footprint position: (114300000, 47625000)
DEBUG: key_placer.py:341: Got ['SW4'] for ('0', '3') position
DEBUG: board_modifier.py:119: Setting SW4 footprint position: (95250000, 52387500)
DEBUG: key_placer.py:341: Got ['SW5'] for ('0', '4') position
DEBUG: board_modifier.py:119: Setting SW5 footprint position: (76200000, 57150000)
DEBUG: key_placer.py:341: Got ['SW6'] for ('1', '0') position
DEBUG: board_modifier.py:119: Setting SW6 footprint position: (152400000, 76200000)
DEBUG: key_placer.py:341: Got ['SW7'] for ('1', '1') position
DEBUG: board_modifier.py:119: Setting SW7 footprint position: (133350000, 71437500)
DEBUG: key_placer.py:341: Got ['SW8'] for ('1', '2') position
DEBUG: board_modifier.py:119: Setting SW8 footprint position: (114300000, 66675000)
DEBUG: key_placer.py:341: Got ['SW9'] for ('1', '3') position
DEBUG: board_modifier.py:119: Setting SW9 footprint position: (95250000, 71437500)
DEBUG: key_placer.py:341: Got ['SW10'] for ('1', '4') position
DEBUG: board_modifier.py:119: Setting SW10 footprint position: (76200000, 76200000)
DEBUG: key_placer.py:341: Got ['SW11'] for ('2', '0') position
DEBUG: board_modifier.py:119: Setting SW11 footprint position: (152400000, 95250000)
DEBUG: key_placer.py:341: Got ['SW12'] for ('2', '1') position
DEBUG: board_modifier.py:119: Setting SW12 footprint position: (133350000, 90487500)
DEBUG: key_placer.py:341: Got ['SW13'] for ('2', '2') position
DEBUG: board_modifier.py:119: Setting SW13 footprint position: (114300000, 85725000)
DEBUG: key_placer.py:341: Got ['SW14'] for ('2', '3') position
DEBUG: board_modifier.py:119: Setting SW14 footprint position: (95250000, 90487500)
DEBUG: key_placer.py:341: Got ['SW15'] for ('2', '4') position
DEBUG: board_modifier.py:119: Setting SW15 footprint position: (76200000, 95250000)
DEBUG: key_placer.py:341: Got ['SW16'] for ('3', '0') position
DEBUG: board_modifier.py:119: Setting SW16 footprint position: (171450000, 76200000)
DEBUG: key_placer.py:341: Got ['SW17'] for ('3', '1') position
DEBUG: board_modifier.py:119: Setting SW17 footprint position: (171450000, 95250000)
DEBUG: key_placer.py:341: Got ['SW18'] for ('3', '2') position
DEBUG: board_modifier.py:119: Setting SW18 footprint position: (85725000, 128587500)
DEBUG: key_placer.py:341: Got ['SW19'] for ('3', '3') position
DEBUG: board_modifier.py:119: Setting SW19 footprint position: (66675000, 133350000)
DEBUG: key_placer.py:341: Got ['SW20'] for ('3', '4') position
DEBUG: board_modifier.py:119: Setting SW20 footprint position: (47625000, 138112500)
INFO: key_placer.py:1188: Diode info: [ElementInfo(annotation_format='D{}', position_option=<PositionOption.DEFAULT: 'Default'>, position=ElementPosition(x=5.08, y=4.0, orientation=90.0, side=<Side.BACK: 'Back'>), template_path='', start_index=-1)]
DEBUG: board_modifier.py:132: Getting SW1 footprint position: (152400000, 57150000)
DEBUG: board_modifier.py:119: Setting D1 footprint position: (157480000, 61150000)
DEBUG: board_modifier.py:132: Getting SW2 footprint position: (133350000, 52387500)
DEBUG: board_modifier.py:119: Setting D2 footprint position: (138430000, 56387500)
DEBUG: board_modifier.py:132: Getting SW3 footprint position: (114300000, 47625000)
DEBUG: board_modifier.py:119: Setting D3 footprint position: (119380000, 51625000)
DEBUG: board_modifier.py:132: Getting SW4 footprint position: (95250000, 52387500)
DEBUG: board_modifier.py:119: Setting D4 footprint position: (100330000, 56387500)
DEBUG: board_modifier.py:132: Getting SW5 footprint position: (76200000, 57150000)
DEBUG: board_modifier.py:119: Setting D5 footprint position: (81280000, 61150000)
DEBUG: board_modifier.py:132: Getting SW6 footprint position: (152400000, 76200000)
DEBUG: board_modifier.py:119: Setting D6 footprint position: (157480000, 80200000)
DEBUG: board_modifier.py:132: Getting SW7 footprint position: (133350000, 71437500)
DEBUG: board_modifier.py:119: Setting D7 footprint position: (138430000, 75437500)
DEBUG: board_modifier.py:132: Getting SW8 footprint position: (114300000, 66675000)
DEBUG: board_modifier.py:119: Setting D8 footprint position: (119380000, 70675000)
DEBUG: board_modifier.py:132: Getting SW9 footprint position: (95250000, 71437500)
DEBUG: board_modifier.py:119: Setting D9 footprint position: (100330000, 75437500)
DEBUG: board_modifier.py:132: Getting SW10 footprint position: (76200000, 76200000)
DEBUG: board_modifier.py:119: Setting D10 footprint position: (81280000, 80200000)
DEBUG: board_modifier.py:132: Getting SW11 footprint position: (152400000, 95250000)
DEBUG: board_modifier.py:119: Setting D11 footprint position: (157480000, 99250000)
DEBUG: board_modifier.py:132: Getting SW12 footprint position: (133350000, 90487500)
DEBUG: board_modifier.py:119: Setting D12 footprint position: (138430000, 94487500)
DEBUG: board_modifier.py:132: Getting SW13 footprint position: (114300000, 85725000)
DEBUG: board_modifier.py:119: Setting D13 footprint position: (119380000, 89725000)
DEBUG: board_modifier.py:132: Getting SW14 footprint position: (95250000, 90487500)
DEBUG: board_modifier.py:119: Setting D14 footprint position: (100330000, 94487500)
DEBUG: board_modifier.py:132: Getting SW15 footprint position: (76200000, 95250000)
DEBUG: board_modifier.py:119: Setting D15 footprint position: (81280000, 99250000)
DEBUG: board_modifier.py:132: Getting SW16 footprint position: (171450000, 76200000)
DEBUG: board_modifier.py:119: Setting D16 footprint position: (176530000, 80200000)
DEBUG: board_modifier.py:132: Getting SW17 footprint position: (171450000, 95250000)
DEBUG: board_modifier.py:119: Setting D17 footprint position: (176530000, 99250000)
DEBUG: board_modifier.py:132: Getting SW18 footprint position: (85725000, 128587500)
DEBUG: board_modifier.py:119: Setting D18 footprint position: (90805000, 132587500)
DEBUG: board_modifier.py:132: Getting SW19 footprint position: (65165707, 135148705)
DEBUG: board_modifier.py:119: Setting D19 footprint position: (70863123, 138205803)
DEBUG: board_modifier.py:132: Getting D19 footprint position: (70863123, 138205803)
DEBUG: board_modifier.py:132: Getting SW20 footprint position: (44941686, 141944670)
DEBUG: board_modifier.py:119: Setting D20 footprint position: (51083405, 143965978)
DEBUG: board_modifier.py:132: Getting D20 footprint position: (51083405, 143965978)
DEBUG: key_placer.py:934: Placing additional elements for SW20
DEBUG: board_modifier.py:132: Getting SW20 footprint position: (44941686, 141944670)
DEBUG: board_modifier.py:84: Searching for optional ST20 footprint in /home/hidayat/devel/kicad/keyboard/my_split_keyboard/my_split_keyboard_r.kicad_pcb
DEBUG: board_modifier.py:89: Footprint not found
DEBUG: key_placer.py:934: Placing additional elements for SW19
DEBUG: board_modifier.py:132: Getting SW19 footprint position: (65165707, 135148705)
DEBUG: board_modifier.py:84: Searching for optional ST19 footprint in /home/hidayat/devel/kicad/keyboard/my_split_keyboard/my_split_keyboard_r.kicad_pcb
DEBUG: board_modifier.py:89: Footprint not found
DEBUG: key_placer.py:934: Placing additional elements for SW18
DEBUG: board_modifier.py:132: Getting SW18 footprint position: (85725000, 128587500)
DEBUG: board_modifier.py:84: Searching for optional ST18 footprint in /home/hidayat/devel/kicad/keyboard/my_split_keyboard/my_split_keyboard_r.kicad_pcb
DEBUG: board_modifier.py:89: Footprint not found
DEBUG: key_placer.py:934: Placing additional elements for SW17
DEBUG: board_modifier.py:132: Getting SW17 footprint position: (171450000, 95250000)
DEBUG: board_modifier.py:84: Searching for optional ST17 footprint in /home/hidayat/devel/kicad/keyboard/my_split_keyboard/my_split_keyboard_r.kicad_pcb
DEBUG: board_modifier.py:89: Footprint not found
DEBUG: key_placer.py:934: Placing additional elements for SW16
DEBUG: board_modifier.py:132: Getting SW16 footprint position: (171450000, 76200000)
DEBUG: board_modifier.py:84: Searching for optional ST16 footprint in /home/hidayat/devel/kicad/keyboard/my_split_keyboard/my_split_keyboard_r.kicad_pcb
DEBUG: board_modifier.py:89: Footprint not found
DEBUG: key_placer.py:934: Placing additional elements for SW15
DEBUG: board_modifier.py:132: Getting SW15 footprint position: (76200000, 95250000)
DEBUG: board_modifier.py:84: Searching for optional ST15 footprint in /home/hidayat/devel/kicad/keyboard/my_split_keyboard/my_split_keyboard_r.kicad_pcb
DEBUG: board_modifier.py:89: Footprint not found
DEBUG: key_placer.py:934: Placing additional elements for SW14
DEBUG: board_modifier.py:132: Getting SW14 footprint position: (95250000, 90487500)
DEBUG: board_modifier.py:84: Searching for optional ST14 footprint in /home/hidayat/devel/kicad/keyboard/my_split_keyboard/my_split_keyboard_r.kicad_pcb
DEBUG: board_modifier.py:89: Footprint not found
DEBUG: key_placer.py:934: Placing additional elements for SW13
DEBUG: board_modifier.py:132: Getting SW13 footprint position: (114300000, 85725000)
DEBUG: board_modifier.py:84: Searching for optional ST13 footprint in /home/hidayat/devel/kicad/keyboard/my_split_keyboard/my_split_keyboard_r.kicad_pcb
DEBUG: board_modifier.py:89: Footprint not found
DEBUG: key_placer.py:934: Placing additional elements for SW12
DEBUG: board_modifier.py:132: Getting SW12 footprint position: (133350000, 90487500)
DEBUG: board_modifier.py:84: Searching for optional ST12 footprint in /home/hidayat/devel/kicad/keyboard/my_split_keyboard/my_split_keyboard_r.kicad_pcb
DEBUG: board_modifier.py:89: Footprint not found
DEBUG: key_placer.py:934: Placing additional elements for SW11
DEBUG: board_modifier.py:132: Getting SW11 footprint position: (152400000, 95250000)
DEBUG: board_modifier.py:84: Searching for optional ST11 footprint in /home/hidayat/devel/kicad/keyboard/my_split_keyboard/my_split_keyboard_r.kicad_pcb
DEBUG: board_modifier.py:89: Footprint not found
DEBUG: key_placer.py:934: Placing additional elements for SW10
DEBUG: board_modifier.py:132: Getting SW10 footprint position: (76200000, 76200000)
DEBUG: board_modifier.py:84: Searching for optional ST10 footprint in /home/hidayat/devel/kicad/keyboard/my_split_keyboard/my_split_keyboard_r.kicad_pcb
DEBUG: board_modifier.py:89: Footprint not found
DEBUG: key_placer.py:934: Placing additional elements for SW9
DEBUG: board_modifier.py:132: Getting SW9 footprint position: (95250000, 71437500)
DEBUG: board_modifier.py:84: Searching for optional ST9 footprint in /home/hidayat/devel/kicad/keyboard/my_split_keyboard/my_split_keyboard_r.kicad_pcb
DEBUG: board_modifier.py:89: Footprint not found
DEBUG: key_placer.py:934: Placing additional elements for SW8
DEBUG: board_modifier.py:132: Getting SW8 footprint position: (114300000, 66675000)
DEBUG: board_modifier.py:84: Searching for optional ST8 footprint in /home/hidayat/devel/kicad/keyboard/my_split_keyboard/my_split_keyboard_r.kicad_pcb
DEBUG: board_modifier.py:89: Footprint not found
DEBUG: key_placer.py:934: Placing additional elements for SW7
DEBUG: board_modifier.py:132: Getting SW7 footprint position: (133350000, 71437500)
DEBUG: board_modifier.py:84: Searching for optional ST7 footprint in /home/hidayat/devel/kicad/keyboard/my_split_keyboard/my_split_keyboard_r.kicad_pcb
DEBUG: board_modifier.py:89: Footprint not found
DEBUG: key_placer.py:934: Placing additional elements for SW6
DEBUG: board_modifier.py:132: Getting SW6 footprint position: (152400000, 76200000)
DEBUG: board_modifier.py:84: Searching for optional ST6 footprint in /home/hidayat/devel/kicad/keyboard/my_split_keyboard/my_split_keyboard_r.kicad_pcb
DEBUG: board_modifier.py:89: Footprint not found
DEBUG: key_placer.py:934: Placing additional elements for SW5
DEBUG: board_modifier.py:132: Getting SW5 footprint position: (76200000, 57150000)
DEBUG: board_modifier.py:84: Searching for optional ST5 footprint in /home/hidayat/devel/kicad/keyboard/my_split_keyboard/my_split_keyboard_r.kicad_pcb
DEBUG: board_modifier.py:89: Footprint not found
DEBUG: key_placer.py:934: Placing additional elements for SW4
DEBUG: board_modifier.py:132: Getting SW4 footprint position: (95250000, 52387500)
DEBUG: board_modifier.py:84: Searching for optional ST4 footprint in /home/hidayat/devel/kicad/keyboard/my_split_keyboard/my_split_keyboard_r.kicad_pcb
DEBUG: board_modifier.py:89: Footprint not found
DEBUG: key_placer.py:934: Placing additional elements for SW3
DEBUG: board_modifier.py:132: Getting SW3 footprint position: (114300000, 47625000)
DEBUG: board_modifier.py:84: Searching for optional ST3 footprint in /home/hidayat/devel/kicad/keyboard/my_split_keyboard/my_split_keyboard_r.kicad_pcb
DEBUG: board_modifier.py:89: Footprint not found
DEBUG: key_placer.py:934: Placing additional elements for SW2
DEBUG: board_modifier.py:132: Getting SW2 footprint position: (133350000, 52387500)
DEBUG: board_modifier.py:84: Searching for optional ST2 footprint in /home/hidayat/devel/kicad/keyboard/my_split_keyboard/my_split_keyboard_r.kicad_pcb
DEBUG: board_modifier.py:89: Footprint not found
DEBUG: key_placer.py:934: Placing additional elements for SW1
DEBUG: board_modifier.py:132: Getting SW1 footprint position: (152400000, 57150000)
DEBUG: board_modifier.py:84: Searching for optional ST1 footprint in /home/hidayat/devel/kicad/keyboard/my_split_keyboard/my_split_keyboard_r.kicad_pcb
DEBUG: board_modifier.py:89: Footprint not found
DEBUG: key_placer.py:985: Routing COL4 pads
WARNING: board_modifier.py:585: Could not route pads, no common layers found. Pads: 'SW20:1', 'U1:11'
DEBUG: board_modifier.py:592: Routing at B.Cu layer
DEBUG: board_modifier.py:609: Netclass: Default, track width: 200000
DEBUG: board_modifier.py:675: Routing pad 'SW10:1' at (72700000, 70200000) with pad 'SW5:1' at (72700000, 51150000) using coordinate system rotated by 0 degree(s)
INFO: board_modifier.py:494: Adding track segment (B.Cu): [(72700000, 70200000), (72700000, 51150000)]
INFO: board_modifier.py:499: Track added
DEBUG: board_modifier.py:592: Routing at B.Cu layer
DEBUG: board_modifier.py:609: Netclass: Default, track width: 200000
DEBUG: board_modifier.py:675: Routing pad 'SW15:1' at (72700000, 89250000) with pad 'SW10:1' at (72700000, 70200000) using coordinate system rotated by 0 degree(s)
INFO: board_modifier.py:494: Adding track segment (B.Cu): [(72700000, 89250000), (72700000, 70200000)]
INFO: board_modifier.py:499: Track added
DEBUG: board_modifier.py:592: Routing at B.Cu layer
DEBUG: board_modifier.py:609: Netclass: Default, track width: 200000
WARNING: board_modifier.py:668: Could not route pads when parent footprints not rotated the same, footprint1: SW20 at 20.0 degree(s) and footprint2: SW15 at 0.0 degree(s)
WARNING: board_modifier.py:585: Could not route pads, no common layers found. Pads: 'SW5:1', 'U1:11'
DEBUG: key_placer.py:985: Routing ROW3 pads
WARNING: board_modifier.py:585: Could not route pads, no common layers found. Pads: 'U1:4', 'D20:1'
DEBUG: board_modifier.py:592: Routing at B.Cu layer
DEBUG: board_modifier.py:609: Netclass: Default, track width: 200000
WARNING: board_modifier.py:668: Could not route pads when parent footprints not rotated the same, footprint1: D20 at 110.0 degree(s) and footprint2: D19 at 100.0 degree(s)
DEBUG: board_modifier.py:592: Routing at B.Cu layer
DEBUG: board_modifier.py:609: Netclass: Default, track width: 200000
WARNING: board_modifier.py:668: Could not route pads when parent footprints not rotated the same, footprint1: D19 at 100.0 degree(s) and footprint2: D18 at 90.0 degree(s)
DEBUG: board_modifier.py:592: Routing at B.Cu layer
DEBUG: board_modifier.py:609: Netclass: Default, track width: 200000
DEBUG: board_modifier.py:675: Routing pad 'D17:1' at (176530000, 100900000) with pad 'D16:1' at (176530000, 81850000) using coordinate system rotated by 0 degree(s)
INFO: board_modifier.py:494: Adding track segment (B.Cu): [(176530000, 100900000), (176530000, 81850000)]
DEBUG: board_modifier.py:504: Could not add track segment due to detected collision
DEBUG: board_modifier.py:592: Routing at B.Cu layer
DEBUG: board_modifier.py:609: Netclass: Default, track width: 200000
DEBUG: board_modifier.py:675: Routing pad 'D18:1' at (90805000, 134237500) with pad 'D17:1' at (176530000, 100900000) using coordinate system rotated by 0 degree(s)
INFO: board_modifier.py:494: Adding track segment (B.Cu): [(90805000, 134237500), (143192500, 134237500)]
INFO: board_modifier.py:499: Track added
INFO: board_modifier.py:494: Adding track segment (B.Cu): [(143192500, 134237500), (176530000, 100900000)]
INFO: board_modifier.py:499: Track added
WARNING: board_modifier.py:585: Could not route pads, no common layers found. Pads: 'D16:1', 'U1:4'
DEBUG: key_placer.py:985: Routing COL1 pads
DEBUG: board_modifier.py:592: Routing at B.Cu layer
DEBUG: board_modifier.py:609: Netclass: Default, track width: 200000
DEBUG: board_modifier.py:675: Routing pad 'SW7:1' at (129850000, 65437500) with pad 'SW2:1' at (129850000, 46387500) using coordinate system rotated by 0 degree(s)
INFO: board_modifier.py:494: Adding track segment (B.Cu): [(129850000, 65437500), (129850000, 46387500)]
INFO: board_modifier.py:499: Track added
DEBUG: board_modifier.py:592: Routing at B.Cu layer
DEBUG: board_modifier.py:609: Netclass: Default, track width: 200000
DEBUG: board_modifier.py:675: Routing pad 'SW12:1' at (129850000, 84487500) with pad 'SW7:1' at (129850000, 65437500) using coordinate system rotated by 0 degree(s)
INFO: board_modifier.py:494: Adding track segment (B.Cu): [(129850000, 84487500), (129850000, 65437500)]
INFO: board_modifier.py:499: Track added
WARNING: board_modifier.py:585: Could not route pads, no common layers found. Pads: 'U1:6', 'SW12:1'
DEBUG: board_modifier.py:592: Routing at B.Cu layer
DEBUG: board_modifier.py:609: Netclass: Default, track width: 200000
DEBUG: board_modifier.py:675: Routing pad 'SW12:1' at (129850000, 84487500) with pad 'SW17:1' at (167950000, 89250000) using coordinate system rotated by 0 degree(s)
WARNING: board_modifier.py:585: Could not route pads, no common layers found. Pads: 'SW17:1', 'U1:6'
DEBUG: key_placer.py:985: Routing COL0 pads
DEBUG: board_modifier.py:592: Routing at B.Cu layer
DEBUG: board_modifier.py:609: Netclass: Default, track width: 200000
DEBUG: board_modifier.py:675: Routing pad 'SW6:1' at (148900000, 70200000) with pad 'SW1:1' at (148900000, 51150000) using coordinate system rotated by 0 degree(s)
INFO: board_modifier.py:494: Adding track segment (B.Cu): [(148900000, 70200000), (148900000, 51150000)]
INFO: board_modifier.py:499: Track added
DEBUG: board_modifier.py:592: Routing at B.Cu layer
DEBUG: board_modifier.py:609: Netclass: Default, track width: 200000
DEBUG: board_modifier.py:675: Routing pad 'SW11:1' at (148900000, 89250000) with pad 'SW6:1' at (148900000, 70200000) using coordinate system rotated by 0 degree(s)
INFO: board_modifier.py:494: Adding track segment (B.Cu): [(148900000, 89250000), (148900000, 70200000)]
INFO: board_modifier.py:499: Track added
WARNING: board_modifier.py:585: Could not route pads, no common layers found. Pads: 'U1:5', 'SW11:1'
DEBUG: board_modifier.py:592: Routing at B.Cu layer
DEBUG: board_modifier.py:609: Netclass: Default, track width: 200000
DEBUG: board_modifier.py:675: Routing pad 'SW6:1' at (148900000, 70200000) with pad 'SW16:1' at (167950000, 70200000) using coordinate system rotated by 0 degree(s)
INFO: board_modifier.py:494: Adding track segment (B.Cu): [(148900000, 70200000), (167950000, 70200000)]
DEBUG: board_modifier.py:504: Could not add track segment due to detected collision
WARNING: board_modifier.py:585: Could not route pads, no common layers found. Pads: 'SW16:1', 'U1:5'
DEBUG: key_placer.py:985: Routing ROW2 pads
WARNING: board_modifier.py:585: Could not route pads, no common layers found. Pads: 'U1:3', 'D15:1'
DEBUG: board_modifier.py:592: Routing at B.Cu layer
DEBUG: board_modifier.py:609: Netclass: Default, track width: 200000
DEBUG: board_modifier.py:675: Routing pad 'D15:1' at (81280000, 100900000) with pad 'D14:1' at (100330000, 96137500) using coordinate system rotated by 0 degree(s)
INFO: board_modifier.py:494: Adding track segment (B.Cu): [(81280000, 100900000), (95567500, 100900000)]
INFO: board_modifier.py:499: Track added
INFO: board_modifier.py:494: Adding track segment (B.Cu): [(95567500, 100900000), (100330000, 96137500)]
INFO: board_modifier.py:499: Track added
DEBUG: board_modifier.py:592: Routing at B.Cu layer
DEBUG: board_modifier.py:609: Netclass: Default, track width: 200000
DEBUG: board_modifier.py:675: Routing pad 'D14:1' at (100330000, 96137500) with pad 'D13:1' at (119380000, 91375000) using coordinate system rotated by 0 degree(s)
INFO: board_modifier.py:494: Adding track segment (B.Cu): [(100330000, 96137500), (114617500, 96137500)]
INFO: board_modifier.py:499: Track added
INFO: board_modifier.py:494: Adding track segment (B.Cu): [(114617500, 96137500), (119380000, 91375000)]
INFO: board_modifier.py:499: Track added
DEBUG: board_modifier.py:592: Routing at B.Cu layer
DEBUG: board_modifier.py:609: Netclass: Default, track width: 200000
DEBUG: board_modifier.py:675: Routing pad 'D13:1' at (119380000, 91375000) with pad 'D12:1' at (138430000, 96137500) using coordinate system rotated by 0 degree(s)
DEBUG: board_modifier.py:592: Routing at B.Cu layer
DEBUG: board_modifier.py:609: Netclass: Default, track width: 200000
DEBUG: board_modifier.py:675: Routing pad 'D12:1' at (138430000, 96137500) with pad 'D11:1' at (157480000, 100900000) using coordinate system rotated by 0 degree(s)
WARNING: board_modifier.py:585: Could not route pads, no common layers found. Pads: 'D11:1', 'U1:3'
DEBUG: key_placer.py:985: Routing ROW1 pads
WARNING: board_modifier.py:585: Could not route pads, no common layers found. Pads: 'U1:2', 'D10:1'
DEBUG: board_modifier.py:592: Routing at B.Cu layer
DEBUG: board_modifier.py:609: Netclass: Default, track width: 200000
DEBUG: board_modifier.py:675: Routing pad 'D10:1' at (81280000, 81850000) with pad 'D9:1' at (100330000, 77087500) using coordinate system rotated by 0 degree(s)
INFO: board_modifier.py:494: Adding track segment (B.Cu): [(81280000, 81850000), (95567500, 81850000)]
INFO: board_modifier.py:499: Track added
INFO: board_modifier.py:494: Adding track segment (B.Cu): [(95567500, 81850000), (100330000, 77087500)]
INFO: board_modifier.py:499: Track added
DEBUG: board_modifier.py:592: Routing at B.Cu layer
DEBUG: board_modifier.py:609: Netclass: Default, track width: 200000
DEBUG: board_modifier.py:675: Routing pad 'D9:1' at (100330000, 77087500) with pad 'D8:1' at (119380000, 72325000) using coordinate system rotated by 0 degree(s)
INFO: board_modifier.py:494: Adding track segment (B.Cu): [(100330000, 77087500), (114617500, 77087500)]
INFO: board_modifier.py:499: Track added
INFO: board_modifier.py:494: Adding track segment (B.Cu): [(114617500, 77087500), (119380000, 72325000)]
INFO: board_modifier.py:499: Track added
DEBUG: board_modifier.py:592: Routing at B.Cu layer
DEBUG: board_modifier.py:609: Netclass: Default, track width: 200000
DEBUG: board_modifier.py:675: Routing pad 'D8:1' at (119380000, 72325000) with pad 'D7:1' at (138430000, 77087500) using coordinate system rotated by 0 degree(s)
DEBUG: board_modifier.py:592: Routing at B.Cu layer
DEBUG: board_modifier.py:609: Netclass: Default, track width: 200000
DEBUG: board_modifier.py:675: Routing pad 'D7:1' at (138430000, 77087500) with pad 'D6:1' at (157480000, 81850000) using coordinate system rotated by 0 degree(s)
WARNING: board_modifier.py:585: Could not route pads, no common layers found. Pads: 'D6:1', 'U1:2'
DEBUG: key_placer.py:985: Routing COL2 pads
WARNING: board_modifier.py:585: Could not route pads, no common layers found. Pads: 'U1:13', 'SW18:1'
DEBUG: board_modifier.py:592: Routing at B.Cu layer
DEBUG: board_modifier.py:609: Netclass: Default, track width: 200000
DEBUG: board_modifier.py:675: Routing pad 'SW8:1' at (110800000, 60675000) with pad 'SW3:1' at (110800000, 41625000) using coordinate system rotated by 0 degree(s)
INFO: board_modifier.py:494: Adding track segment (B.Cu): [(110800000, 60675000), (110800000, 41625000)]
INFO: board_modifier.py:499: Track added
DEBUG: board_modifier.py:592: Routing at B.Cu layer
DEBUG: board_modifier.py:609: Netclass: Default, track width: 200000
DEBUG: board_modifier.py:675: Routing pad 'SW13:1' at (110800000, 79725000) with pad 'SW8:1' at (110800000, 60675000) using coordinate system rotated by 0 degree(s)
INFO: board_modifier.py:494: Adding track segment (B.Cu): [(110800000, 79725000), (110800000, 60675000)]
DEBUG: board_modifier.py:504: Could not add track segment due to detected collision
DEBUG: board_modifier.py:592: Routing at B.Cu layer
DEBUG: board_modifier.py:609: Netclass: Default, track width: 200000
DEBUG: board_modifier.py:675: Routing pad 'SW18:1' at (82225000, 122587500) with pad 'SW13:1' at (110800000, 79725000) using coordinate system rotated by 0 degree(s)
WARNING: board_modifier.py:585: Could not route pads, no common layers found. Pads: 'SW3:1', 'U1:13'
DEBUG: key_placer.py:985: Routing COL3 pads
WARNING: board_modifier.py:585: Could not route pads, no common layers found. Pads: 'U1:12', 'SW19:1'
DEBUG: board_modifier.py:592: Routing at B.Cu layer
DEBUG: board_modifier.py:609: Netclass: Default, track width: 200000
DEBUG: board_modifier.py:675: Routing pad 'SW9:1' at (91750000, 65437500) with pad 'SW4:1' at (91750000, 46387500) using coordinate system rotated by 0 degree(s)
INFO: board_modifier.py:494: Adding track segment (B.Cu): [(91750000, 65437500), (91750000, 46387500)]
INFO: board_modifier.py:499: Track added
DEBUG: board_modifier.py:592: Routing at B.Cu layer
DEBUG: board_modifier.py:609: Netclass: Default, track width: 200000
DEBUG: board_modifier.py:675: Routing pad 'SW14:1' at (91750000, 84487500) with pad 'SW9:1' at (91750000, 65437500) using coordinate system rotated by 0 degree(s)
INFO: board_modifier.py:494: Adding track segment (B.Cu): [(91750000, 84487500), (91750000, 65437500)]
DEBUG: board_modifier.py:504: Could not add track segment due to detected collision
DEBUG: board_modifier.py:592: Routing at B.Cu layer
DEBUG: board_modifier.py:609: Netclass: Default, track width: 200000
WARNING: board_modifier.py:668: Could not route pads when parent footprints not rotated the same, footprint1: SW19 at 10.0 degree(s) and footprint2: SW14 at 0.0 degree(s)
WARNING: board_modifier.py:585: Could not route pads, no common layers found. Pads: 'SW4:1', 'U1:12'
DEBUG: key_placer.py:985: Routing ROW0 pads
WARNING: board_modifier.py:585: Could not route pads, no common layers found. Pads: 'U1:1', 'D5:1'
DEBUG: board_modifier.py:592: Routing at B.Cu layer
DEBUG: board_modifier.py:609: Netclass: Default, track width: 200000
DEBUG: board_modifier.py:675: Routing pad 'D5:1' at (81280000, 62800000) with pad 'D4:1' at (100330000, 58037500) using coordinate system rotated by 0 degree(s)
DEBUG: board_modifier.py:592: Routing at B.Cu layer
DEBUG: board_modifier.py:609: Netclass: Default, track width: 200000
DEBUG: board_modifier.py:675: Routing pad 'D4:1' at (100330000, 58037500) with pad 'D3:1' at (119380000, 53275000) using coordinate system rotated by 0 degree(s)
DEBUG: board_modifier.py:592: Routing at B.Cu layer
DEBUG: board_modifier.py:609: Netclass: Default, track width: 200000
DEBUG: board_modifier.py:675: Routing pad 'D3:1' at (119380000, 53275000) with pad 'D2:1' at (138430000, 58037500) using coordinate system rotated by 0 degree(s)
DEBUG: board_modifier.py:592: Routing at B.Cu layer
DEBUG: board_modifier.py:609: Netclass: Default, track width: 200000
DEBUG: board_modifier.py:675: Routing pad 'D2:1' at (138430000, 58037500) with pad 'D1:1' at (157480000, 62800000) using coordinate system rotated by 0 degree(s)
WARNING: board_modifier.py:585: Could not route pads, no common layers found. Pads: 'D1:1', 'U1:1'
INFO: key_placer.py:518: Removing dangling tracks
